<?xml version="1.0" encoding="UTF-8"?>
<!-- Generated by org.testng.reporters.JUnitXMLReporter -->
<testsuite ignored="0" hostname="LAPTOP-J3K2CO61" failures="0" tests="5" name="Default test" time="53.664" errors="0" timestamp="2025-03-26T12:18:00 IST">
  <testcase classname="lumaTestNG.Runner" name="runnerRegistration" time="5.358"/>
  <testcase classname="lumaTestNG.Runner" name="runnerLogin" time="3.254"/>
  <testcase classname="lumaTestNG.Runner" name="runnerAddToCart" time="13.859"/>
  <testcase classname="lumaTestNG.Runner" name="runnerEditCart" time="16.183"/>
  <testcase classname="lumaTestNG.Runner" name="checkout" time="9.918"/>
</testsuite> <!-- Default test -->
