<?xml version="1.0" encoding="UTF-8"?>
<!-- Generated by org.testng.reporters.JUnitXMLReporter -->
<testsuite ignored="0" hostname="LAPTOP-J3K2CO61" failures="0" tests="5" name="LoginTest" time="53.124" errors="0" timestamp="2025-03-25T11:52:42 IST">
  <testcase classname="lumaTestNG.Runner" name="runnerRegistration" time="5.73"/>
  <testcase classname="lumaTestNG.Runner" name="runnerLogin" time="3.908"/>
  <testcase classname="lumaTestNG.Runner" name="runnerAddToCart" time="12.827"/>
  <testcase classname="lumaTestNG.Runner" name="runnerEditCart" time="16.318"/>
  <testcase classname="lumaTestNG.Runner" name="checkout" time="9.837"/>
</testsuite> <!-- LoginTest -->
