<?xml version="1.0" encoding="UTF-8"?>
<testng-results ignored="0" total="5" passed="5" failed="0" skipped="0">
  <reporter-output>
  </reporter-output>
  <suite started-at="2025-03-26T12:17:06 IST" name="Default suite" finished-at="2025-03-26T12:18:00 IST" duration-ms="53664">
    <groups>
    </groups>
    <test started-at="2025-03-26T12:17:06 IST" name="Default test" finished-at="2025-03-26T12:18:00 IST" duration-ms="53664">
      <class name="lumaTestNG.Runner">
        <test-method is-config="true" signature="setUp(java.lang.String)[pri:0, instance:lumaTestNG.Runner@1169afe1]" started-at="2025-03-26T12:17:06 IST" name="setUp" finished-at="2025-03-26T12:17:10 IST" duration-ms="4052" status="PASS">
          <params>
            <param index="0">
              <value>
                <![CDATA[firefox]]>
              </value>
            </param>
          </params>
          <reporter-output>
          </reporter-output>
        </test-method> <!-- setUp -->
        <test-method signature="runnerRegistration()[pri:1, instance:lumaTestNG.Runner@1169afe1]" started-at="2025-03-26T12:17:10 IST" name="runnerRegistration" finished-at="2025-03-26T12:17:16 IST" duration-ms="5358" status="PASS">
          <reporter-output>
          </reporter-output>
        </test-method> <!-- runnerRegistration -->
        <test-method signature="runnerLogin()[pri:2, instance:lumaTestNG.Runner@1169afe1]" started-at="2025-03-26T12:17:16 IST" name="runnerLogin" finished-at="2025-03-26T12:17:19 IST" duration-ms="3254" status="PASS">
          <reporter-output>
          </reporter-output>
        </test-method> <!-- runnerLogin -->
        <test-method signature="runnerAddToCart()[pri:3, instance:lumaTestNG.Runner@1169afe1]" started-at="2025-03-26T12:17:19 IST" name="runnerAddToCart" finished-at="2025-03-26T12:17:33 IST" duration-ms="13859" status="PASS">
          <reporter-output>
          </reporter-output>
        </test-method> <!-- runnerAddToCart -->
        <test-method signature="runnerEditCart()[pri:4, instance:lumaTestNG.Runner@1169afe1]" started-at="2025-03-26T12:17:33 IST" name="runnerEditCart" finished-at="2025-03-26T12:17:49 IST" duration-ms="16183" status="PASS">
          <reporter-output>
          </reporter-output>
        </test-method> <!-- runnerEditCart -->
        <test-method signature="checkout()[pri:5, instance:lumaTestNG.Runner@1169afe1]" started-at="2025-03-26T12:17:49 IST" name="checkout" finished-at="2025-03-26T12:17:59 IST" duration-ms="9918" status="PASS">
          <reporter-output>
          </reporter-output>
        </test-method> <!-- checkout -->
        <test-method is-config="true" signature="tearDown()[pri:0, instance:lumaTestNG.Runner@1169afe1]" started-at="2025-03-26T12:17:59 IST" name="tearDown" finished-at="2025-03-26T12:18:00 IST" duration-ms="911" status="PASS">
          <reporter-output>
          </reporter-output>
        </test-method> <!-- tearDown -->
      </class> <!-- lumaTestNG.Runner -->
    </test> <!-- Default test -->
  </suite> <!-- Default suite -->
</testng-results>
