<?xml version="1.0" encoding="UTF-8"?>
<testng-results ignored="0" total="1" passed="1" failed="0" skipped="0">
  <reporter-output>
  </reporter-output>
  <suite started-at="2025-03-22T12:04:22 IST" name="Default suite" finished-at="2025-03-22T12:04:34 IST" duration-ms="11925">
    <groups>
    </groups>
    <test started-at="2025-03-22T12:04:22 IST" name="Default test" finished-at="2025-03-22T12:04:34 IST" duration-ms="11925">
      <class name="lumaTest.RegistrationTest">
        <test-method is-config="true" signature="setUp()[pri:0, instance:lumaTest.RegistrationTest@6ca18a14]" started-at="2025-03-22T12:04:22 IST" name="setUp" finished-at="2025-03-22T12:04:27 IST" duration-ms="4958" status="PASS">
          <reporter-output>
          </reporter-output>
        </test-method> <!-- setUp -->
        <test-method signature="testRegistration()[pri:1, instance:lumaTest.RegistrationTest@6ca18a14]" started-at="2025-03-22T12:04:27 IST" name="testRegistration" finished-at="2025-03-22T12:04:33 IST" duration-ms="5947" status="PASS">
          <reporter-output>
          </reporter-output>
        </test-method> <!-- testRegistration -->
        <test-method is-config="true" signature="tearDown()[pri:0, instance:lumaTest.RegistrationTest@6ca18a14]" started-at="2025-03-22T12:04:33 IST" name="tearDown" finished-at="2025-03-22T12:04:34 IST" duration-ms="879" status="PASS">
          <reporter-output>
          </reporter-output>
        </test-method> <!-- tearDown -->
      </class> <!-- lumaTest.RegistrationTest -->
    </test> <!-- Default test -->
  </suite> <!-- Default suite -->
</testng-results>
