<?xml version="1.0" encoding="UTF-8"?>
<!-- Generated by org.testng.reporters.JUnitReportReporter -->
<testsuite hostname="LAPTOP-J3K2CO61" failures="0" tests="1" name="lumaTest.cartRunner" time="0.209" errors="1" timestamp="2025-03-21T14:58:27 IST" skipped="0">
  <testcase classname="lumaTest.cartRunner" name="runScenario" time="0.209">
    <error message="Cannot invoke &quot;org.openqa.selenium.SearchContext.findElement(org.openqa.selenium.By)&quot; because &quot;this.searchContext&quot; is null" type="java.lang.NullPointerException">
      <![CDATA[java.lang.NullPointerException: Cannot invoke "org.openqa.selenium.SearchContext.findElement(org.openqa.selenium.By)" because "this.searchContext" is null
at org.openqa.selenium.support.pagefactory.DefaultElementLocator.findElement(DefaultElementLocator.java:70)
at org.openqa.selenium.support.pagefactory.internal.LocatingElementHandler.invoke(LocatingElementHandler.java:39)
at jdk.proxy2/jdk.proxy2.$Proxy23.click(Unknown Source)
at lumaPages.CartPage.clickCart(CartPage.java:26)
at stepDef.CartSteps.user_clicks_on_the_cart_icon(CartSteps.java:19)
at ✽.User clicks on the cart icon(file:///C:/Users/Dinesh/eclipse-workspace/LumaTestAutomation/src/test/resources/cart.feature:6)
]]>
    </error>
  </testcase> <!-- runScenario -->
  <system-out/>
</testsuite> <!-- lumaTest.cartRunner -->
