<?xml version="1.0" encoding="UTF-8"?>
<!-- Generated by org.testng.reporters.JUnitReportReporter -->
<testsuite hostname="LAPTOP-J3K2CO61" failures="0" tests="1" name="lumaTest.CartCheckoutTestNG" time="0.203" errors="1" timestamp="2025-03-21T14:35:07 IST" skipped="0">
  <testcase classname="lumaTest.CartCheckoutTestNG" name="runScenario" time="0.203">
    <error message="Cannot invoke &quot;org.openqa.selenium.WebDriver.get(String)&quot; because &quot;stepDef.CartCheckoutSteps.driver&quot; is null" type="java.lang.NullPointerException">
      <![CDATA[java.lang.NullPointerException: Cannot invoke "org.openqa.selenium.WebDriver.get(String)" because "stepDef.CartCheckoutSteps.driver" is null
at stepDef.CartCheckoutSteps.user_is_on_homepage(CartCheckoutSteps.java:16)
at ✽.User is on Homepage(file:///C:/Users/Dinesh/eclipse-workspace/LumaTestAutomation/src/test/resources/cart_checkout.feature:4)
]]>
    </error>
  </testcase> <!-- runScenario -->
  <system-out/>
</testsuite> <!-- lumaTest.CartCheckoutTestNG -->
